0 info it worked if it ends with ok
1 verbose cli [ 'D:\\新建文件夹\\node.exe',
1 verbose cli   'D:\\新建文件夹\\node_modules\\npm\\bin\\npm-cli.js',
1 verbose cli   'install',
1 verbose cli   '--save-dev',
1 verbose cli   'gulp' ]
2 info using npm@3.10.8
3 info using node@v6.9.1
4 silly loadCurrentTree Starting
5 silly install loadCurrentTree
6 silly install readLocalPackageData
7 silly fetchPackageMetaData gulp
8 silly fetchNamedPackageData gulp
9 silly mapToRegistry name gulp
10 silly mapToRegistry using default registry
11 silly mapToRegistry registry https://registry.npmjs.org/
12 silly mapToRegistry data Result {
12 silly mapToRegistry   raw: 'gulp',
12 silly mapToRegistry   scope: null,
12 silly mapToRegistry   escapedName: 'gulp',
12 silly mapToRegistry   name: 'gulp',
12 silly mapToRegistry   rawSpec: '',
12 silly mapToRegistry   spec: 'latest',
12 silly mapToRegistry   type: 'tag' }
13 silly mapToRegistry uri https://registry.npmjs.org/gulp
14 verbose request uri https://registry.npmjs.org/gulp
15 verbose request no auth needed
16 info attempt registry request try #1 at 15:12:11
17 verbose request id 11a3fc74f69adaac
18 verbose etag W/"7b2c2b416bb2b0ec21af84d0aaed47ef"
19 verbose lastModified Sat, 10 Nov 2018 12:55:07 GMT
20 http request GET https://registry.npmjs.org/gulp
21 verbose stack Error: kill ENOSYS
21 verbose stack     at exports._errnoException (util.js:1026:11)
21 verbose stack     at process.kill (internal/process.js:172:13)
21 verbose stack     at process.listener (D:\新建文件夹\node_modules\npm\node_modules\npmlog\node_modules\gauge\node_modules\signal-exit\index.js:86:15)
21 verbose stack     at emitNone (events.js:91:20)
21 verbose stack     at process.emit (events.js:185:7)
21 verbose stack     at processEmit (D:\新建文件夹\node_modules\npm\node_modules\npmlog\node_modules\gauge\node_modules\signal-exit\index.js:146:32)
21 verbose stack     at processEmit (D:\新建文件夹\node_modules\npm\node_modules\npm-registry-client\node_modules\npmlog\node_modules\gauge\node_modules\signal-exit\index.js:146:32)
21 verbose stack     at Signal.wrap.onsignal (internal/process.js:199:44)
22 verbose cwd D:\杜鑫锋\第四段\案例\测试项目\test-item
23 error Windows_NT 6.1.7601
24 error argv "D:\\新建文件夹\\node.exe" "D:\\新建文件夹\\node_modules\\npm\\bin\\npm-cli.js" "install" "--save-dev" "gulp"
25 error node v6.9.1
26 error npm  v3.10.8
27 error code ENOSYS
28 error errno ENOSYS
29 error syscall kill
30 error kill ENOSYS
31 error If you need help, you may report this error at:
31 error     <https://github.com/npm/npm/issues>
32 verbose exit [ 1, true ]
